Vivado Simulator 2018.3
Time resolution is 1 ps
========进行仲裁测试（链式查询方法）========
共有4个设备提起请求
请求状态：设备3(1);设备2(1);设备1(1);设备0(1)
本次设备0将得到总线控制权
                 100时刻，设备0已得到响应
                 120时刻，设备0完成总线访问，请求已撤出
请求状态：设备3(1);设备2(1);设备1(1);设备0(0)
本次设备1将得到总线控制权
                 120时刻，设备1已得到响应
                 140时刻，设备1完成总线访问，请求已撤出
请求状态：设备3(1);设备2(1);设备1(0);设备0(0)
本次设备2将得到总线控制权
                 140时刻，设备2已得到响应
                 160时刻，设备2完成总线访问，请求已撤出
请求状态：设备3(1);设备2(0);设备1(0);设备0(0)
本次设备3将得到总线控制权
                 160时刻，设备3已得到响应
                 180时刻，设备3完成总线访问，请求已撤出
========进行仲裁测试（链式查询方法）========
共有2个设备提起请求
请求状态：设备3(0);设备2(0);设备1(1);设备0(1)
本次设备0将得到总线控制权
                 280时刻，设备0已得到响应
                 300时刻，设备0完成总线访问，请求已撤出
请求状态：设备3(0);设备2(0);设备1(1);设备0(0)
本次设备1将得到总线控制权
                 300时刻，设备1已得到响应
                 320时刻，设备1完成总线访问，请求已撤出
========进行仲裁测试（链式查询方法）========
共有3个设备提起请求
请求状态：设备3(1);设备2(1);设备1(1);设备0(0)
本次设备1将得到总线控制权
                 420时刻，设备1已得到响应
                 440时刻，设备1完成总线访问，请求已撤出
请求状态：设备3(1);设备2(1);设备1(0);设备0(0)
本次设备2将得到总线控制权
                 440时刻，设备2已得到响应
                 460时刻，设备2完成总线访问，请求已撤出
请求状态：设备3(1);设备2(0);设备1(0);设备0(0)
本次设备3将得到总线控制权
                 460时刻，设备3已得到响应
                 480时刻，设备3完成总线访问，请求已撤出
========进行仲裁测试（链式查询方法）========
共有2个设备提起请求
请求状态：设备3(0);设备2(1);设备1(1);设备0(0)
本次设备1将得到总线控制权
                 580时刻，设备1已得到响应
                 600时刻，设备1完成总线访问，请求已撤出
请求状态：设备3(0);设备2(1);设备1(0);设备0(0)
本次设备2将得到总线控制权
                 600时刻，设备2已得到响应
                 620时刻，设备2完成总线访问，请求已撤出
========进行仲裁测试（链式查询方法）========
共有2个设备提起请求
请求状态：设备3(1);设备2(0);设备1(1);设备0(0)
本次设备1将得到总线控制权
                 720时刻，设备1已得到响应
                 740时刻，设备1完成总线访问，请求已撤出
请求状态：设备3(1);设备2(0);设备1(0);设备0(0)
本次设备3将得到总线控制权
                 740时刻，设备3已得到响应
                 760时刻，设备3完成总线访问，请求已撤出
========进行仲裁测试（链式查询方法）========
测试全部通过
