#-----------------------------------------------------------
# Vivado v2018.3 (64-bit)
# SW Build 2405991 on Thu Dec  6 23:38:27 MST 2018
# IP Build 2404404 on Fri Dec  7 01:43:56 MST 2018
# Start of session at: Mon Apr  6 21:51:15 2020
# Process ID: 14940
# Current directory: D:/计算机组成原理/Lab1_Cache
# Command line: vivado.exe -gui_launcher_event rodinguilauncherevent18252 D:\计算机组成原理\Lab1_Cache\Lab1_Cache.xpr
# Log file: D:/计算机组成原理/Lab1_Cache/vivado.log
# Journal file: D:/计算机组成原理/Lab1_Cache\vivado.jou
#-----------------------------------------------------------
start_gui
open_project D:/计算机组成原理/Lab1_Cache/Lab1_Cache.xpr
Scanning sources...
Finished scanning sources
INFO: [IP_Flow 19-234] Refreshing IP repositories
INFO: [IP_Flow 19-1704] No user IP repositories specified
INFO: [IP_Flow 19-2313] Loaded Vivado IP repository 'F:/Vivado/2018.3/data/ip'.
open_project: Time (s): cpu = 00:00:15 ; elapsed = 00:00:06 . Memory (MB): peak = 722.805 ; gain = 103.523
update_compile_order -fileset sources_1
exit
INFO: [Common 17-206] Exiting Vivado at Mon Apr  6 22:35:15 2020...
