Vivado Simulator 2018.3
Time resolution is 1 ps
========进行仲裁测试（计数起始点2）========
======从计数起始点开始的循环模式======
共有3个设备提起请求
请求状态：设备3(1);设备2(1);设备1(0);设备0(1)
本次设备2将得到总线控制权
                2513时刻，设备2已得到响应
                2536时刻，设备2完成总线访问，请求已撤出
请求状态：设备3(1);设备2(0);设备1(0);设备0(1)
本次设备3将得到总线控制权
                4869时刻，设备3已得到响应
                4892时刻，设备3完成总线访问，请求已撤出
请求状态：设备3(0);设备2(0);设备1(0);设备0(1)
本次设备0将得到总线控制权
                7225时刻，设备0已得到响应
                7248时刻，设备0完成总线访问，请求已撤出
========进行仲裁测试（计数起始点1）========
======从终止点开始的循环模式======
共有3个设备提起请求
请求状态：设备3(1);设备2(0);设备1(1);设备0(1)
本次设备1将得到总线控制权
                9736时刻，设备1已得到响应
                9759时刻，设备1完成总线访问，请求已撤出
请求状态：设备3(1);设备2(0);设备1(0);设备0(1)
本次设备3将得到总线控制权
               12092时刻，设备3已得到响应
               12115时刻，设备3完成总线访问，请求已撤出
请求状态：设备3(0);设备2(0);设备1(0);设备0(1)
本次设备0将得到总线控制权
               14448时刻，设备0已得到响应
               14471时刻，设备0完成总线访问，请求已撤出
========进行仲裁测试（计数起始点2）========
======从计数起始点开始的循环模式======
共有3个设备提起请求
请求状态：设备3(1);设备2(1);设备1(0);设备0(1)
本次设备2将得到总线控制权
               16959时刻，设备2已得到响应
               16982时刻，设备2完成总线访问，请求已撤出
请求状态：设备3(1);设备2(0);设备1(0);设备0(1)
本次设备3将得到总线控制权
               19315时刻，设备3已得到响应
               19338时刻，设备3完成总线访问，请求已撤出
请求状态：设备3(0);设备2(0);设备1(0);设备0(1)
本次设备0将得到总线控制权
               21671时刻，设备0已得到响应
               21694时刻，设备0完成总线访问，请求已撤出
========进行仲裁测试（计数起始点3）========
======从终止点开始的循环模式======
共有3个设备提起请求
请求状态：设备3(1);设备2(1);设备1(0);设备0(1)
本次设备3将得到总线控制权
               24182时刻，设备3已得到响应
               24205时刻，设备3完成总线访问，请求已撤出
请求状态：设备3(0);设备2(1);设备1(0);设备0(1)
本次设备0将得到总线控制权
               26538时刻，设备0已得到响应
               26561时刻，设备0完成总线访问，请求已撤出
请求状态：设备3(0);设备2(1);设备1(0);设备0(0)
本次设备2将得到总线控制权
               28894时刻，设备2已得到响应
               28917时刻，设备2完成总线访问，请求已撤出
========进行仲裁测试（计数起始点2）========
======从计数起始点开始的循环模式======
共有4个设备提起请求
请求状态：设备3(1);设备2(1);设备1(1);设备0(1)
本次设备2将得到总线控制权
               31405时刻，设备2已得到响应
               31428时刻，设备2完成总线访问，请求已撤出
请求状态：设备3(1);设备2(0);设备1(1);设备0(1)
本次设备3将得到总线控制权
               33761时刻，设备3已得到响应
               33784时刻，设备3完成总线访问，请求已撤出
请求状态：设备3(0);设备2(0);设备1(1);设备0(1)
本次设备0将得到总线控制权
               36117时刻，设备0已得到响应
               36140时刻，设备0完成总线访问，请求已撤出
请求状态：设备3(0);设备2(0);设备1(1);设备0(0)
本次设备1将得到总线控制权
               38473时刻，设备1已得到响应
               38496时刻，设备1完成总线访问，请求已撤出
运行了  5个测试，通过了  5个测试
