#-----------------------------------------------------------
# Vivado v2018.3 (64-bit)
# SW Build 2405991 on Thu Dec  6 23:38:27 MST 2018
# IP Build 2404404 on Fri Dec  7 01:43:56 MST 2018
# Start of session at: Thu Apr 16 13:11:07 2020
# Process ID: 4244
# Current directory: D:/Lab_of_ZCYL/Booth
# Command line: vivado.exe -gui_launcher_event rodinguilauncherevent9784 D:\Lab_of_ZCYL\Booth\Booth.xpr
# Log file: D:/Lab_of_ZCYL/Booth/vivado.log
# Journal file: D:/Lab_of_ZCYL/Booth\vivado.jou
#-----------------------------------------------------------
start_gui
open_project D:/Lab_of_ZCYL/Booth/Booth.xpr
Scanning sources...
Finished scanning sources
INFO: [IP_Flow 19-234] Refreshing IP repositories
INFO: [IP_Flow 19-1704] No user IP repositories specified
INFO: [IP_Flow 19-2313] Loaded Vivado IP repository 'F:/Vivado/2018.3/data/ip'.
open_project: Time (s): cpu = 00:00:21 ; elapsed = 00:00:19 . Memory (MB): peak = 720.645 ; gain = 135.152
update_compile_order -fileset sources_1
exit
INFO: [Common 17-206] Exiting Vivado at Thu Apr 16 13:42:08 2020...
